SF:/Users/huangbinjie/workspace/dart-sdk/base/lib/src/storage/methods/put/by_part/init_parts_task.dart
DA:8,0
DA:13,0
DA:14,0
DA:15,0
DA:16,0
DA:20,0
DA:21,0
DA:22,0
DA:23,0
DA:38,0
DA:43,0
DA:45,0
DA:46,0
DA:49,0
DA:51,0
DA:52,0
DA:53,0
DA:57,0
DA:58,0
DA:60,0
DA:62,0
DA:63,0
DA:66,0
DA:68,0
DA:70,0
DA:73,0
DA:74,0
DA:76,0
DA:80,0
DA:81,0
DA:84,0
DA:88,0
DA:89,0
DA:90,0
LF:34
LH:0
end_of_record
SF:/Users/huangbinjie/workspace/dart-sdk/base/lib/src/storage/methods/put/by_part/upload_part_task.dart
DA:20,0
DA:29,0
DA:31,0
DA:33,0
DA:34,0
DA:37,0
DA:39,0
DA:40,0
DA:44,0
DA:45,0
DA:46,0
DA:47,0
DA:50,0
DA:52,0
DA:54,0
DA:57,0
DA:58,0
DA:60,0
DA:61,0
DA:62,0
DA:64,0
DA:65,0
DA:68,0
DA:76,0
DA:78,0
DA:82,0
DA:83,0
DA:84,0
DA:85,0
DA:94,0
DA:99,0
DA:100,0
DA:101,0
DA:102,0
DA:106,0
DA:107,0
DA:108,0
DA:109,0
LF:38
LH:0
end_of_record
SF:/Users/huangbinjie/workspace/dart-sdk/base/lib/src/storage/methods/put/by_part/complete_parts_task.dart
DA:12,0
DA:18,0
DA:20,0
DA:22,0
DA:23,0
DA:27,0
DA:28,0
DA:30,0
DA:32,0
DA:34,0
DA:35,0
DA:37,0
DA:39,0
DA:41,0
DA:42,0
DA:43,0
DA:44,0
DA:46,0
DA:49,0
LF:19
LH:0
end_of_record
SF:/Users/huangbinjie/workspace/dart-sdk/base/lib/src/storage/methods/put/by_part/part.dart
DA:8,0
DA:13,0
DA:14,0
DA:15,0
DA:16,0
DA:20,0
DA:21,0
DA:22,0
DA:23,0
LF:9
LH:0
end_of_record
SF:/Users/huangbinjie/workspace/dart-sdk/base/lib/src/storage/methods/put/by_part/put_parts_task.dart
DA:27,0
DA:30,0
DA:37,0
DA:38,0
DA:39,0
DA:43,0
DA:44,0
DA:48,0
DA:50,0
DA:53,0
DA:54,0
DA:55,0
DA:56,0
DA:59,0
DA:61,0
DA:66,0
DA:67,0
DA:71,0
DA:73,0
DA:74,0
DA:78,0
DA:79,0
DA:81,0
DA:82,0
DA:85,0
DA:87,0
DA:91,0
DA:93,0
DA:96,0
DA:100,0
DA:101,0
DA:102,0
DA:106,0
DA:107,0
DA:108,0
DA:116,0
DA:117,0
DA:122,0
DA:123,0
DA:124,0
DA:125,0
DA:129,0
DA:130,0
DA:132,0
DA:133,0
DA:134,0
DA:135,0
DA:139,0
DA:140,0
DA:144,0
DA:145,0
DA:147,0
DA:148,0
DA:149,0
DA:150,0
DA:152,0
DA:153,0
DA:157,0
DA:159,0
DA:160,0
DA:165,0
DA:169,0
DA:170,0
DA:171,0
DA:174,0
DA:178,0
DA:179,0
LF:67
LH:0
end_of_record
SF:/Users/huangbinjie/workspace/dart-sdk/base/lib/src/storage/methods/put/by_part/upload_parts_task.dart
DA:18,0
DA:49,0
DA:57,0
DA:59,0
DA:65,0
DA:66,0
DA:67,0
DA:68,0
DA:69,0
DA:72,0
DA:75,0
DA:78,0
DA:79,0
DA:80,0
DA:83,0
DA:84,0
DA:85,0
DA:86,0
DA:87,0
DA:92,0
DA:93,0
DA:97,0
DA:98,0
DA:99,0
DA:103,0
DA:104,0
DA:106,0
DA:107,0
DA:110,0
DA:111,0
DA:115,0
DA:119,0
DA:121,0
DA:124,0
DA:127,0
DA:129,0
DA:130,0
DA:135,0
DA:136,0
DA:142,0
DA:145,0
DA:146,0
DA:149,0
DA:151,0
DA:154,0
DA:155,0
DA:161,0
DA:163,0
DA:164,0
DA:166,0
DA:167,0
DA:169,0
DA:171,0
DA:173,0
DA:174,0
DA:175,0
DA:176,0
DA:180,0
DA:181,0
DA:184,0
DA:187,0
DA:189,0
DA:191,0
DA:192,0
DA:193,0
DA:195,0
DA:196,0
DA:197,0
DA:198,0
DA:201,0
DA:202,0
DA:208,0
DA:209,0
DA:210,0
DA:213,0
DA:214,0
DA:215,0
DA:218,0
DA:220,0
DA:222,0
DA:223,0
DA:224,0
DA:225,0
DA:227,0
DA:230,0
DA:232,0
DA:237,0
DA:238,0
DA:240,0
DA:241,0
DA:244,0
DA:247,0
DA:248,0
DA:251,0
DA:252,0
DA:253,0
DA:258,0
LF:97
LH:0
end_of_record
SF:/Users/huangbinjie/workspace/dart-sdk/base/lib/src/storage/config/config.dart
DA:19,1
DA:24,1
DA:25,1
DA:26,1
LF:4
LH:4
end_of_record
SF:/Users/huangbinjie/workspace/dart-sdk/base/lib/src/storage/config/host.dart
DA:26,1
DA:31,4
DA:33,1
DA:34,4
DA:35,2
DA:38,2
DA:40,3
DA:42,2
DA:43,3
DA:44,1
DA:45,1
DA:47,2
DA:48,3
DA:49,3
DA:50,1
DA:53,2
DA:54,2
DA:58,3
DA:59,1
DA:61,5
DA:64,4
DA:68,0
DA:74,1
DA:76,1
DA:77,2
DA:78,5
DA:79,1
DA:82,1
DA:87,1
DA:88,5
DA:98,1
DA:100,1
DA:101,1
DA:102,1
DA:103,1
DA:104,1
DA:113,1
DA:114,6
DA:117,1
DA:118,3
DA:122,1
LF:41
LH:40
end_of_record
SF:/Users/huangbinjie/workspace/dart-sdk/base/lib/src/storage/config/protocol.dart
DA:3,1
DA:6,1
DA:7,1
DA:8,1
LF:4
LH:4
end_of_record
SF:/Users/huangbinjie/workspace/dart-sdk/base/lib/src/auth/auth.dart
DA:10,1
DA:16,1
DA:34,1
DA:42,1
DA:45,1
DA:46,2
DA:47,2
DA:48,1
DA:56,0
DA:61,0
DA:62,0
DA:68,1
DA:69,3
DA:71,1
DA:72,2
DA:73,2
DA:79,1
DA:80,1
DA:82,1
DA:83,2
DA:84,0
DA:88,1
DA:92,2
DA:93,2
DA:94,0
DA:97,2
DA:98,1
DA:99,1
DA:100,1
DA:106,1
DA:112,1
DA:113,1
DA:114,1
DA:115,1
DA:116,0
DA:119,3
LF:36
LH:30
end_of_record
SF:/Users/huangbinjie/workspace/dart-sdk/base/lib/src/auth/put_policy.dart
DA:17,1
DA:18,3
DA:131,1
DA:155,1
DA:156,1
DA:157,1
DA:158,1
DA:159,1
DA:160,1
DA:161,1
DA:162,1
DA:163,1
DA:164,1
DA:165,1
DA:166,1
DA:167,1
DA:168,1
DA:169,1
DA:170,1
DA:171,1
DA:172,1
DA:173,1
DA:174,1
DA:175,1
DA:176,1
DA:177,1
DA:178,2
DA:181,1
DA:182,1
DA:183,1
DA:184,1
DA:185,1
DA:186,1
DA:187,1
DA:188,1
DA:189,1
DA:190,1
DA:191,1
DA:192,1
DA:193,1
DA:194,1
DA:195,1
DA:196,1
DA:197,1
DA:198,1
DA:199,1
DA:200,1
DA:201,1
DA:202,1
DA:203,1
LF:50
LH:50
end_of_record
SF:/Users/huangbinjie/workspace/dart-sdk/base/lib/src/error/error.dart
DA:7,0
DA:9,0
DA:11,0
DA:12,0
DA:15,0
DA:18,0
LF:6
LH:0
end_of_record
SF:/Users/huangbinjie/workspace/dart-sdk/base/lib/src/storage/storage.dart
DA:22,0
DA:23,0
DA:24,0
DA:27,0
DA:32,0
DA:34,0
DA:35,0
DA:38,0
DA:41,0
DA:42,0
DA:45,0
DA:48,0
DA:49,0
DA:50,0
DA:51,0
DA:55,0
DA:57,0
DA:61,0
DA:66,0
DA:67,0
DA:70,0
DA:71,0
DA:74,0
DA:76,0
DA:80,0
DA:85,0
DA:86,0
DA:89,0
DA:90,0
DA:91,0
DA:92,0
DA:95,0
DA:97,0
LF:33
LH:0
end_of_record
SF:/Users/huangbinjie/workspace/dart-sdk/base/lib/src/storage/methods/put/by_single/put_by_single_task.dart
DA:23,0
DA:28,0
DA:30,0
DA:32,0
DA:33,0
DA:37,0
DA:38,0
DA:39,0
DA:40,0
DA:41,0
DA:44,0
DA:45,0
DA:46,0
DA:49,0
DA:52,0
DA:56,0
LF:16
LH:0
end_of_record
SF:/Users/huangbinjie/workspace/dart-sdk/base/lib/src/storage/task/task.dart
DA:19,0
DA:25,0
DA:29,0
DA:33,0
DA:35,0
DA:36,0
DA:40,0
DA:42,0
DA:43,0
DA:47,0
DA:50,0
LF:11
LH:0
end_of_record
SF:/Users/huangbinjie/workspace/dart-sdk/base/lib/src/storage/error/error.dart
DA:4,1
DA:35,0
DA:40,0
DA:42,0
DA:43,0
DA:46,0
DA:49,0
DA:50,0
DA:51,0
DA:52,0
DA:53,0
DA:54,0
DA:58,0
DA:60,0
DA:61,0
DA:66,0
DA:68,0
DA:70,0
DA:72,0
DA:74,0
DA:76,0
LF:21
LH:1
end_of_record
SF:/Users/huangbinjie/workspace/dart-sdk/base/lib/src/storage/status/status.dart
DA:1,1
LF:1
LH:1
end_of_record
SF:/Users/huangbinjie/workspace/dart-sdk/base/lib/src/storage/task/request_task_manager.dart
DA:6,0
DA:10,0
DA:12,0
DA:13,0
LF:4
LH:0
end_of_record
SF:/Users/huangbinjie/workspace/dart-sdk/base/lib/src/storage/task/request_task_controller.dart
DA:11,0
DA:13,0
DA:15,0
DA:19,0
DA:31,0
DA:33,0
DA:34,0
DA:37,0
DA:38,0
DA:41,0
DA:42,0
DA:43,0
DA:56,0
DA:57,0
DA:58,0
DA:61,0
DA:62,0
DA:65,0
DA:66,0
DA:67,0
DA:82,0
DA:83,0
DA:84,0
DA:87,0
DA:88,0
DA:91,0
DA:93,0
DA:94,0
LF:28
LH:0
end_of_record
SF:/Users/huangbinjie/workspace/dart-sdk/base/lib/src/storage/task/request_task.dart
DA:11,0
DA:12,0
DA:13,0
DA:14,0
DA:15,0
DA:41,0
DA:43,0
DA:47,0
DA:48,0
DA:50,0
DA:51,0
DA:52,0
DA:53,0
DA:54,0
DA:55,0
DA:57,0
DA:58,0
DA:59,0
DA:61,0
DA:64,0
DA:67,0
DA:70,0
DA:71,0
DA:74,0
DA:77,0
DA:78,0
DA:79,0
DA:83,0
DA:85,0
DA:90,0
DA:92,0
DA:93,0
DA:95,0
DA:96,0
DA:100,0
DA:101,0
DA:102,0
DA:108,0
DA:109,0
DA:112,0
DA:113,0
DA:114,0
DA:119,0
DA:122,0
DA:123,0
DA:125,0
DA:128,0
DA:133,0
DA:134,0
DA:135,0
DA:137,0
DA:140,0
DA:145,0
DA:146,0
DA:147,0
DA:148,0
DA:152,0
DA:153,0
DA:157,0
DA:158,0
DA:159,0
DA:160,0
DA:164,0
DA:165,0
DA:166,0
DA:167,0
DA:168,0
DA:173,0
DA:182,0
DA:183,0
DA:184,0
DA:185,0
DA:186,0
DA:189,0
DA:192,0
DA:195,0
LF:76
LH:0
end_of_record
SF:/Users/huangbinjie/workspace/dart-sdk/base/lib/src/storage/task/task_manager.dart
DA:11,0
DA:15,0
DA:16,0
DA:18,0
DA:22,0
DA:23,0
DA:26,0
DA:28,0
DA:33,0
DA:35,0
DA:38,0
DA:41,0
DA:43,0
DA:47,0
DA:50,0
DA:52,0
DA:58,0
DA:59,0
DA:63,0
DA:64,0
LF:20
LH:0
end_of_record
SF:/Users/huangbinjie/workspace/dart-sdk/base/lib/src/storage/methods/put/by_part/put_by_part_options.dart
DA:19,0
LF:1
LH:0
end_of_record
SF:/Users/huangbinjie/workspace/dart-sdk/base/lib/src/storage/methods/put/by_single/put_by_single_options.dart
DA:12,0
LF:1
LH:0
end_of_record
SF:/Users/huangbinjie/workspace/dart-sdk/base/lib/src/storage/methods/put/put_options.dart
DA:21,0
LF:1
LH:0
end_of_record
SF:/Users/huangbinjie/workspace/dart-sdk/base/lib/src/storage/methods/put/put_response.dart
DA:16,0
DA:22,0
DA:23,0
DA:24,0
DA:25,0
LF:5
LH:0
end_of_record
SF:/Users/huangbinjie/workspace/dart-sdk/base/lib/src/storage/config/cache.dart
DA:21,0
DA:22,0
DA:26,1
DA:27,2
DA:31,1
DA:32,2
DA:36,1
DA:37,2
LF:8
LH:6
end_of_record
SF:/Users/huangbinjie/workspace/dart-sdk/base/lib/src/storage/methods/put/by_part/cache_mixin.dart
DA:9,0
DA:10,0
DA:13,0
DA:14,0
DA:17,0
DA:18,0
LF:6
LH:0
end_of_record
